celinatala 41793 Mon Mar  9 19:51:31 2020
*****************************************
Inserted 0 at 5,1
Avatar 0 will not move and all other avatars will move here
Avatar Locations: 0: (5, 1); 
Inserted 1 at 2,5
Avatar Locations: 0: (5, 1); 1: (2, 5); 
Avatar 1 moved from 2, 6 to 2, 5
Avatar Locations: 0: (5, 1); 1: (2, 5); 2: (2, 3); 
Inserted 2 at 2,3
Avatar Locations: 0: (5, 1); 1: (2, 5); 2: (2, 3); 
Avatar 2 moved from 2, 4 to 2, 3
Avatar Locations: 0: (5, 1); 1: (2, 5); 2: (2, 3); 
Avatar 1 hit East wall
Avatar Locations: 0: (5, 1); 1: (2, 5); 2: (3, 3); 
Avatar 2 moved from 2, 3 to 3, 3
Avatar Locations: 0: (5, 1); 1: (2, 5); 2: (3, 3); 
Avatar 1 hit North wall
Avatar Locations: 0: (5, 1); 1: (2, 5); 2: (3, 3); 
Avatar 2 hit South wall
Avatar Locations: 0: (5, 1); 1: (1, 5); 2: (3, 3); 
Avatar 1 moved from 2, 5 to 1, 5
Avatar Locations: 0: (5, 1); 1: (1, 5); 2: (4, 3); 
Avatar 2 moved from 3, 3 to 4, 3
Avatar Locations: 0: (5, 1); 1: (1, 5); 2: (4, 3); 
Avatar 1 hit North wall
Avatar Locations: 0: (5, 1); 1: (1, 5); 2: (4, 3); 
Avatar 2 hit South wall
Avatar Locations: 0: (5, 1); 1: (1, 5); 2: (4, 3); 
Avatar 1 hit West wall
Avatar Locations: 0: (5, 1); 1: (1, 5); 2: (4, 3); 
Avatar 2 hit East wall
Avatar Locations: 0: (5, 1); 1: (1, 6); 2: (4, 3); 
Avatar 1 moved from 1, 5 to 1, 6
Avatar Locations: 0: (5, 1); 1: (1, 6); 2: (4, 2); 
Avatar 2 moved from 4, 3 to 4, 2
Avatar Locations: 0: (5, 1); 1: (0, 6); 2: (4, 2); 
Avatar 1 moved from 1, 6 to 0, 6
Avatar Locations: 0: (5, 1); 1: (0, 6); 2: (4, 2); 
Avatar 2 hit East wall
Avatar Locations: 0: (5, 1); 1: (0, 5); 2: (4, 2); 
Avatar 1 moved from 0, 6 to 0, 5
Avatar Locations: 0: (5, 1); 1: (0, 5); 2: (4, 2); 
Avatar 2 hit North wall
Avatar Locations: 0: (5, 1); 1: (0, 4); 2: (4, 2); 
Avatar 1 moved from 0, 5 to 0, 4
Avatar Locations: 0: (5, 1); 1: (0, 4); 2: (3, 2); 
Avatar 2 moved from 4, 2 to 3, 2
Avatar Locations: 0: (5, 1); 1: (0, 4); 2: (3, 2); 
Avatar 1 hit East wall
Avatar Locations: 0: (5, 1); 1: (0, 4); 2: (3, 2); 
Avatar 2 hit North wall
Avatar Locations: 0: (5, 1); 1: (0, 3); 2: (3, 2); 
Avatar 1 moved from 0, 4 to 0, 3
Avatar Locations: 0: (5, 1); 1: (0, 3); 2: (3, 2); 
Avatar 2 hit West wall
Avatar Locations: 0: (5, 1); 1: (0, 3); 2: (3, 2); 
Avatar 1 hit East wall
Avatar Locations: 0: (5, 1); 1: (0, 3); 2: (3, 2); 
Avatar 2 hit South wall
Avatar Locations: 0: (5, 1); 1: (0, 2); 2: (3, 2); 
Avatar 1 moved from 0, 3 to 0, 2
Avatar Locations: 0: (5, 1); 1: (0, 2); 2: (4, 2); 
Avatar 2 moved from 3, 2 to 4, 2
Avatar Locations: 0: (5, 1); 1: (1, 2); 2: (4, 2); 
Avatar 1 moved from 0, 2 to 1, 2
Avatar Locations: 0: (5, 1); 1: (1, 2); 2: (4, 3); 
Avatar 2 moved from 4, 2 to 4, 3
Avatar Locations: 0: (5, 1); 1: (1, 2); 2: (4, 3); 
Avatar 1 hit South wall
Avatar Locations: 0: (5, 1); 1: (1, 2); 2: (3, 3); 
Avatar 2 moved from 4, 3 to 3, 3
Avatar Locations: 0: (5, 1); 1: (2, 2); 2: (3, 3); 
Avatar 1 moved from 1, 2 to 2, 2
Avatar Locations: 0: (5, 1); 1: (2, 2); 2: (2, 3); 
Avatar 2 moved from 3, 3 to 2, 3
Avatar Locations: 0: (5, 1); 1: (2, 3); 2: (2, 3); 
Avatar 1 moved from 2, 2 to 2, 3
Avatar Locations: 0: (5, 1); 1: (2, 3); 2: (2, 2); 
Avatar 2 moved from 2, 3 to 2, 2
Avatar Locations: 0: (5, 1); 1: (2, 3); 2: (2, 2); 
Avatar 1 hit West wall
Avatar Locations: 0: (5, 1); 1: (2, 3); 2: (2, 2); 
Avatar 2 hit North wall
Avatar Locations: 0: (5, 1); 1: (2, 3); 2: (2, 2); 
Avatar 1 hit South wall
Avatar Locations: 0: (5, 1); 1: (2, 3); 2: (1, 2); 
Avatar 2 moved from 2, 2 to 1, 2
Avatar Locations: 0: (5, 1); 1: (2, 2); 2: (1, 2); 
Avatar 1 moved from 2, 3 to 2, 2
Avatar Locations: 0: (5, 1); 1: (2, 2); 2: (1, 1); 
Avatar 2 moved from 1, 2 to 1, 1
Avatar Locations: 0: (5, 1); 1: (1, 2); 2: (1, 1); 
Avatar 1 moved from 2, 2 to 1, 2
Avatar Locations: 0: (5, 1); 1: (1, 2); 2: (1, 1); 
Avatar 2 hit East wall
Avatar Locations: 0: (5, 1); 1: (1, 1); 2: (1, 1); 
Avatar 1 moved from 1, 2 to 1, 1
Avatar Locations: 0: (5, 1); 1: (1, 1); 2: (1, 0); 
Avatar 2 moved from 1, 1 to 1, 0
Avatar Locations: 0: (5, 1); 1: (1, 0); 2: (1, 0); 
Avatar 1 moved from 1, 1 to 1, 0
Avatar Locations: 0: (5, 1); 1: (1, 0); 2: (2, 0); 
Avatar 2 moved from 1, 0 to 2, 0
Avatar Locations: 0: (5, 1); 1: (2, 0); 2: (2, 0); 
Avatar 1 moved from 1, 0 to 2, 0
Avatar Locations: 0: (5, 1); 1: (2, 0); 2: (2, 1); 
Avatar 2 moved from 2, 0 to 2, 1
Avatar Locations: 0: (5, 1); 1: (2, 1); 2: (2, 1); 
Avatar 1 moved from 2, 0 to 2, 1
Avatar Locations: 0: (5, 1); 1: (2, 1); 2: (3, 1); 
Avatar 2 moved from 2, 1 to 3, 1
Avatar Locations: 0: (5, 1); 1: (3, 1); 2: (3, 1); 
Avatar 1 moved from 2, 1 to 3, 1
Avatar Locations: 0: (5, 1); 1: (3, 1); 2: (4, 1); 
Avatar 2 moved from 3, 1 to 4, 1
Avatar Locations: 0: (5, 1); 1: (4, 1); 2: (4, 1); 
Avatar 1 moved from 3, 1 to 4, 1
Avatar Locations: 0: (5, 1); 1: (4, 1); 2: (4, 1); 
Avatar 2 hit East wall
Avatar Locations: 0: (5, 1); 1: (4, 1); 2: (4, 1); 
Avatar 1 hit East wall
Avatar Locations: 0: (5, 1); 1: (4, 1); 2: (4, 0); 
Avatar 2 moved from 4, 1 to 4, 0
Avatar Locations: 0: (5, 1); 1: (4, 0); 2: (4, 0); 
Avatar 1 moved from 4, 1 to 4, 0
Avatar Locations: 0: (5, 1); 1: (4, 0); 2: (5, 0); 
Avatar 2 moved from 4, 0 to 5, 0
Avatar Locations: 0: (5, 1); 1: (5, 0); 2: (5, 0); 
Avatar 1 moved from 4, 0 to 5, 0
Avatar Locations: 0: (5, 1); 1: (5, 0); 2: (5, 1); 
Avatar 1 moved from 5, 0 to 5, 1
Avatar Locations: 0: (5, 1); 1: (5, 1); 2: (5, 1); 
Mazed solved with 3 avatars at Difficulty 1 in 91 moves at hash 1593614533
